<?xml version="1.0" encoding="UTF-8"?>
<!-- Generated by org.testng.reporters.JUnitXMLReporter -->
<testsuite hostname="THALA-PC" ignored="1" name="Default test" tests="1" failures="0" timestamp="2021-07-08T21:15:18 IST" time="35.243" errors="0">
  <testcase name="verifyFlightSearchTest" time="9.915" classname="com.azure.qa.testcases.LoginPageTest"/>
  <testcase name="verifyLoginPageTitleTest" time="0.0" classname="com.azure.qa.testcases.LoginPageTest">
    <ignored/>
  </testcase> <!-- verifyLoginPageTitleTest -->
</testsuite> <!-- Default test -->
