<?xml version="1.0" encoding="UTF-8"?>
<testng-results skipped="0" failed="0" ignored="1" total="2" passed="1">
  <reporter-output>
  </reporter-output>
  <suite name="Default suite" duration-ms="35243" started-at="2021-07-08T21:14:43 IST" finished-at="2021-07-08T21:15:18 IST">
    <groups>
    </groups>
    <test name="Default test" duration-ms="35243" started-at="2021-07-08T21:14:43 IST" finished-at="2021-07-08T21:15:18 IST">
      <class name="com.azure.qa.testcases.LoginPageTest">
        <test-method status="PASS" signature="setUp()[pri:0, instance:com.azure.qa.testcases.LoginPageTest@3d921e20]" name="setUp" is-config="true" duration-ms="24155" started-at="2021-07-08T21:14:43 IST" finished-at="2021-07-08T21:15:07 IST">
          <reporter-output>
          </reporter-output>
        </test-method> <!-- setUp -->
        <test-method status="PASS" signature="verifyFlightSearchTest()[pri:0, instance:com.azure.qa.testcases.LoginPageTest@3d921e20]" name="verifyFlightSearchTest" duration-ms="9915" started-at="2021-07-08T21:15:07 IST" finished-at="2021-07-08T21:15:17 IST">
          <reporter-output>
          </reporter-output>
        </test-method> <!-- verifyFlightSearchTest -->
        <test-method status="PASS" signature="closeDriver()[pri:0, instance:com.azure.qa.testcases.LoginPageTest@3d921e20]" name="closeDriver" is-config="true" duration-ms="966" started-at="2021-07-08T21:15:17 IST" finished-at="2021-07-08T21:15:18 IST">
          <reporter-output>
          </reporter-output>
        </test-method> <!-- closeDriver -->
      </class> <!-- com.azure.qa.testcases.LoginPageTest -->
    </test> <!-- Default test -->
  </suite> <!-- Default suite -->
</testng-results>
